<?xml version="1.0" encoding="UTF-8"?>
<testng-results skipped="0" failed="0" total="1" passed="1">
  <reporter-output>
  </reporter-output>
  <suite name="Default suite" duration-ms="76437" started-at="2020-09-06T17:52:11Z" finished-at="2020-09-06T17:53:28Z">
    <groups>
    </groups>
    <test name="Default test" duration-ms="76437" started-at="2020-09-06T17:52:11Z" finished-at="2020-09-06T17:53:28Z">
      <class name="com.amplify.testcases.VerifyPurchaseProcess">
        <test-method status="PASS" signature="toverifyPurchaseProduct()[pri:0, instance:com.amplify.testcases.VerifyPurchaseProcess@6a4f787b]" name="toverifyPurchaseProduct" duration-ms="76395" started-at="2020-09-06T23:22:11Z" finished-at="2020-09-06T23:23:28Z">
          <reporter-output>
          </reporter-output>
        </test-method> <!-- toverifyPurchaseProduct -->
      </class> <!-- com.amplify.testcases.VerifyPurchaseProcess -->
    </test> <!-- Default test -->
  </suite> <!-- Default suite -->
</testng-results>
